) : 0000
P : 0001
space : 001
w : 01000
G : 01001
t : 01010
e : 01011
i : 0110
c : 011100
R : 0111010
h : 0111011
r : 01111
m : 1000
a : 1001
U : 1010
s : 10110
V : 10111000
- : 101110010
" : 101110011
u : 1011101
W : 1011110
2 : 10111110
? : 101111110
4 : 101111111
y : 11000
\t : 110010
\n : 110011
T : 110100
, : 1101010
9 : 11010110
C : 110101110
0 : 1101011110
k : 1101011111
o : 11011
f : 111000
l : 111001
S : 111010
b : 11101100
p : 11101101
I : 11101110
d : 11101111
5 : 11110000
. : 111100010
3 : 1111000110
F : 11110001110
g : 11110001111
v : 11110010
1 : 11110011
E : 11110100
B : 11110101
L : 11110110
n : 11110111
6 : 111110
M : 1111110
x : 11111110
A : 111111110
H : 1111111110
' : 11111111110
O : 111111111110
( : 111111111111
