Caracterul '\n' : 5
Caracterul 'space' : 90
Caracterul ''' : 1
Caracterul ',' : 4
Caracterul '.' : 4
Caracterul '0' : 3
Caracterul '1' : 2
Caracterul '5' : 1
Caracterul '6' : 1
Caracterul '9' : 1
Caracterul 'A' : 1
Caracterul 'I' : 6
Caracterul 'L' : 5
Caracterul 'M' : 1
Caracterul 'P' : 1
Caracterul 'a' : 28
Caracterul 'b' : 5
Caracterul 'c' : 10
Caracterul 'd' : 16
Caracterul 'e' : 59
Caracterul 'f' : 6
Caracterul 'g' : 11
Caracterul 'h' : 14
Caracterul 'i' : 32
Caracterul 'k' : 7
Caracterul 'l' : 17
Caracterul 'm' : 18
Caracterul 'n' : 38
Caracterul 'o' : 25
Caracterul 'p' : 18
Caracterul 'r' : 24
Caracterul 's' : 39
Caracterul 't' : 43
Caracterul 'u' : 17
Caracterul 'v' : 5
Caracterul 'w' : 6
Caracterul 'x' : 2
Caracterul 'y' : 13
